<?xml version="1.0" encoding="UTF-8"?>
<!-- Generated by org.testng.reporters.JUnitReportReporter -->
<testsuite hostname="LAPTOP-RNF7R3U9" failures="0" tests="2" name="tests.Testt" time="10.271" errors="0" timestamp="2021-03-04T19:44:06 EST" skipped="0">
  <testcase classname="tests.Testt" name="test1" time="5.118"/>
  <system-out/>
  <testcase classname="tests.Testt" name="test1" time="5.153"/>
  <system-out/>
</testsuite> <!-- tests.Testt -->
