<?xml version="1.0" encoding="UTF-8"?>
<!-- Generated by org.testng.reporters.JUnitReportReporter -->
<testsuite hostname="LAPTOP-RNF7R3U9" failures="0" tests="2" name="FrameworkPractice.F1.Testt" time="10.285" errors="0" timestamp="2021-03-04T19:32:31 EST" skipped="0">
  <testcase classname="FrameworkPractice.F1.Testt" name="test1" time="5.121"/>
  <system-out/>
  <testcase classname="FrameworkPractice.F1.Testt" name="test1" time="5.164"/>
  <system-out/>
</testsuite> <!-- FrameworkPractice.F1.Testt -->
