<?xml version="1.0" encoding="UTF-8"?>
<!-- Generated by org.testng.reporters.JUnitReportReporter -->
<testsuite hostname="LAPTOP-RNF7R3U9" failures="0" tests="2" name="test1.Test1" time="0.260" errors="0" timestamp="2021-03-06T17:30:11 EST" skipped="0">
  <testcase classname="test1.Test1" name="test1" time="0.156"/>
  <system-out/>
  <testcase classname="test1.Test1" name="test1" time="0.104"/>
  <system-out/>
</testsuite> <!-- test1.Test1 -->
