<?xml version="1.0" encoding="UTF-8"?>
<!-- Generated by org.testng.reporters.JUnitReportReporter -->
<testsuite hostname="LAPTOP-RNF7R3U9" failures="0" tests="2" name="tests.Test1" time="10.282" errors="0" timestamp="2021-03-04T22:36:25 EST" skipped="0">
  <testcase classname="tests.Test1" name="test1" time="5.174"/>
  <system-out/>
  <testcase classname="tests.Test1" name="test1" time="5.108"/>
  <system-out/>
</testsuite> <!-- tests.Test1 -->
