<?xml version="1.0" encoding="UTF-8"?>
<!-- Generated by org.testng.reporters.JUnitReportReporter -->
<testsuite hostname="LAPTOP-RNF7R3U9" failures="0" tests="2" name="test1.Test1" time="0.698" errors="0" timestamp="2021-03-06T18:44:41 EST" skipped="0">
  <testcase classname="test1.Test1" name="test1" time="0.573"/>
  <system-out/>
  <testcase classname="test1.Test1" name="test1" time="0.125"/>
  <system-out/>
</testsuite> <!-- test1.Test1 -->
